2021-07-18 17:29:51.108  INFO 14228 --- [main] sp.FileDownloadApplication               : Starting FileDownloadApplication using Java 16 on DESKTOP-8P6SI14 with PID 14228 (C:\Users\adilb\IdeaProjects\FileDownload\target\classes started by adilb in C:\Users\adilb\IdeaProjects\FileDownload)
2021-07-18 17:29:51.118  INFO 14228 --- [main] sp.FileDownloadApplication               : No active profile set, falling back to default profiles: default
2021-07-18 17:29:52.297  INFO 14228 --- [main] .s.d.r.c.RepositoryConfigurationDelegate : Bootstrapping Spring Data JPA repositories in DEFAULT mode.
2021-07-18 17:29:52.371  INFO 14228 --- [main] .s.d.r.c.RepositoryConfigurationDelegate : Finished Spring Data repository scanning in 62 ms. Found 1 JPA repository interfaces.
2021-07-18 17:29:52.753  INFO 14228 --- [main] trationDelegate$BeanPostProcessorChecker : Bean 'org.springframework.security.access.expression.method.DefaultMethodSecurityExpressionHandler@19382338' of type [org.springframework.security.access.expression.method.DefaultMethodSecurityExpressionHandler] is not eligible for getting processed by all BeanPostProcessors (for example: not eligible for auto-proxying)
2021-07-18 17:29:52.759  INFO 14228 --- [main] trationDelegate$BeanPostProcessorChecker : Bean 'methodSecurityMetadataSource' of type [org.springframework.security.access.method.DelegatingMethodSecurityMetadataSource] is not eligible for getting processed by all BeanPostProcessors (for example: not eligible for auto-proxying)
2021-07-18 17:29:53.074  INFO 14228 --- [main] o.s.b.w.embedded.tomcat.TomcatWebServer  : Tomcat initialized with port(s): 8080 (http)
2021-07-18 17:29:53.086  INFO 14228 --- [main] o.apache.catalina.core.StandardService   : Starting service [Tomcat]
2021-07-18 17:29:53.086  INFO 14228 --- [main] org.apache.catalina.core.StandardEngine  : Starting Servlet engine: [Apache Tomcat/9.0.48]
2021-07-18 17:29:53.213  INFO 14228 --- [main] o.a.c.c.C.[Tomcat].[localhost].[/]       : Initializing Spring embedded WebApplicationContext
2021-07-18 17:29:53.213  INFO 14228 --- [main] w.s.c.ServletWebServerApplicationContext : Root WebApplicationContext: initialization completed in 2006 ms
2021-07-18 17:29:53.426  INFO 14228 --- [main] o.hibernate.jpa.internal.util.LogHelper  : HHH000204: Processing PersistenceUnitInfo [name: default]
2021-07-18 17:29:53.491  INFO 14228 --- [main] org.hibernate.Version                    : HHH000412: Hibernate ORM core version 5.4.32.Final
2021-07-18 17:29:53.650  INFO 14228 --- [main] o.hibernate.annotations.common.Version   : HCANN000001: Hibernate Commons Annotations {5.1.2.Final}
2021-07-18 17:29:53.737  INFO 14228 --- [main] org.hibernate.dialect.Dialect            : HHH000400: Using dialect: org.sqlite.hibernate.dialect.SQLiteDialect
2021-07-18 17:29:53.779  INFO 14228 --- [main] com.zaxxer.hikari.HikariDataSource       : HikariPool-1 - Starting...
2021-07-18 17:29:53.924  INFO 14228 --- [main] com.zaxxer.hikari.HikariDataSource       : HikariPool-1 - Start completed.
2021-07-18 17:29:53.933  INFO 14228 --- [main] org.hibernate.dialect.Dialect            : HHH000400: Using dialect: org.sqlite.hibernate.dialect.SQLiteDialect
2021-07-18 17:29:54.563  INFO 14228 --- [main] o.h.e.t.j.p.i.JtaPlatformInitiator       : HHH000490: Using JtaPlatform implementation: [org.hibernate.engine.transaction.jta.platform.internal.NoJtaPlatform]
2021-07-18 17:29:54.574  INFO 14228 --- [main] j.LocalContainerEntityManagerFactoryBean : Initialized JPA EntityManagerFactory for persistence unit 'default'
2021-07-18 17:29:55.060  WARN 14228 --- [main] JpaBaseConfiguration$JpaWebConfiguration : spring.jpa.open-in-view is enabled by default. Therefore, database queries may be performed during view rendering. Explicitly configure spring.jpa.open-in-view to disable this warning
2021-07-18 17:29:55.501  INFO 14228 --- [main] o.s.s.web.DefaultSecurityFilterChain     : Will secure Ant [pattern='/yhtfytfy/**'] with [org.springframework.security.web.context.request.async.WebAsyncManagerIntegrationFilter@7e1fb22c, org.springframework.security.web.context.SecurityContextPersistenceFilter@52d9f36b, org.springframework.security.web.header.HeaderWriterFilter@c6bf8d9, org.springframework.security.web.csrf.CsrfFilter@47f0e078, org.springframework.security.web.authentication.logout.LogoutFilter@65a2755e, org.springframework.security.web.authentication.www.BasicAuthenticationFilter@3dcbbbc, org.springframework.security.web.savedrequest.RequestCacheAwareFilter@175bf9c9, org.springframework.security.web.servletapi.SecurityContextHolderAwareRequestFilter@4fd92289, org.springframework.security.web.authentication.AnonymousAuthenticationFilter@38fc34fd, org.springframework.security.web.session.SessionManagementFilter@e18d2a2, org.springframework.security.web.access.ExceptionTranslationFilter@6212ea52, org.springframework.security.web.access.intercept.FilterSecurityInterceptor@61d6c8c4]
2021-07-18 17:29:55.509  INFO 14228 --- [main] o.s.s.web.DefaultSecurityFilterChain     : Will secure any request with [org.springframework.security.web.context.request.async.WebAsyncManagerIntegrationFilter@3d2b13b1, org.springframework.security.web.context.SecurityContextPersistenceFilter@511d568f, org.springframework.security.web.header.HeaderWriterFilter@29a1ec65, org.springframework.security.web.csrf.CsrfFilter@647af13d, org.springframework.security.web.authentication.logout.LogoutFilter@aa633e6, org.springframework.security.web.authentication.UsernamePasswordAuthenticationFilter@608eb42e, org.springframework.security.web.savedrequest.RequestCacheAwareFilter@1805ca5c, org.springframework.security.web.servletapi.SecurityContextHolderAwareRequestFilter@3e61cffd, org.springframework.security.web.authentication.AnonymousAuthenticationFilter@30eb55c9, org.springframework.security.web.session.SessionManagementFilter@625db0e0, org.springframework.security.web.access.ExceptionTranslationFilter@2aac6fa7, org.springframework.security.web.access.intercept.FilterSecurityInterceptor@1ad1f167]
2021-07-18 17:29:56.011  INFO 14228 --- [main] o.s.b.w.embedded.tomcat.TomcatWebServer  : Tomcat started on port(s): 8080 (http) with context path ''
2021-07-18 17:29:56.025  INFO 14228 --- [main] sp.FileDownloadApplication               : Started FileDownloadApplication in 5.971 seconds (JVM running for 8.179)
2021-07-18 17:29:56.143  INFO 14228 --- [scheduling-1] sp.service.impl.ScheduledTasks           : Username c с файл path-ом C:\Example\index (13).html был удален
2021-07-18 17:29:56.144  INFO 14228 --- [scheduling-1] sp.service.impl.ScheduledTasks           : Username v с файл path-ом C:\Example\index.html был удален
2021-07-18 17:29:56.146  INFO 14228 --- [scheduling-1] sp.service.impl.ScheduledTasks           : Username RocwNL4C с файл path-ом C:\Example\long_josh_reactive_spring (1).pdf был удален
2021-07-18 17:29:56.147  INFO 14228 --- [scheduling-1] sp.service.impl.ScheduledTasks           : Username y с файл path-ом C:\Example\long_josh_reactive_spring (1).pdf был удален
2021-07-18 17:32:04.518  INFO 11080 --- [main] sp.FileDownloadApplication               : Starting FileDownloadApplication using Java 16 on DESKTOP-8P6SI14 with PID 11080 (C:\Users\adilb\IdeaProjects\FileDownload\target\classes started by adilb in C:\Users\adilb\IdeaProjects\FileDownload)
2021-07-18 17:32:04.522  INFO 11080 --- [main] sp.FileDownloadApplication               : No active profile set, falling back to default profiles: default
2021-07-18 17:32:05.436  INFO 11080 --- [main] .s.d.r.c.RepositoryConfigurationDelegate : Bootstrapping Spring Data JPA repositories in DEFAULT mode.
2021-07-18 17:32:05.509  INFO 11080 --- [main] .s.d.r.c.RepositoryConfigurationDelegate : Finished Spring Data repository scanning in 62 ms. Found 1 JPA repository interfaces.
2021-07-18 17:32:05.872  INFO 11080 --- [main] trationDelegate$BeanPostProcessorChecker : Bean 'org.springframework.security.access.expression.method.DefaultMethodSecurityExpressionHandler@140d1230' of type [org.springframework.security.access.expression.method.DefaultMethodSecurityExpressionHandler] is not eligible for getting processed by all BeanPostProcessors (for example: not eligible for auto-proxying)
2021-07-18 17:32:05.877  INFO 11080 --- [main] trationDelegate$BeanPostProcessorChecker : Bean 'methodSecurityMetadataSource' of type [org.springframework.security.access.method.DelegatingMethodSecurityMetadataSource] is not eligible for getting processed by all BeanPostProcessors (for example: not eligible for auto-proxying)
2021-07-18 17:32:06.120  INFO 11080 --- [main] o.s.b.w.embedded.tomcat.TomcatWebServer  : Tomcat initialized with port(s): 8080 (http)
2021-07-18 17:32:06.133  INFO 11080 --- [main] o.apache.catalina.core.StandardService   : Starting service [Tomcat]
2021-07-18 17:32:06.134  INFO 11080 --- [main] org.apache.catalina.core.StandardEngine  : Starting Servlet engine: [Apache Tomcat/9.0.48]
2021-07-18 17:32:06.295  INFO 11080 --- [main] o.a.c.c.C.[Tomcat].[localhost].[/]       : Initializing Spring embedded WebApplicationContext
2021-07-18 17:32:06.296  INFO 11080 --- [main] w.s.c.ServletWebServerApplicationContext : Root WebApplicationContext: initialization completed in 1688 ms
2021-07-18 17:32:06.538  INFO 11080 --- [main] o.hibernate.jpa.internal.util.LogHelper  : HHH000204: Processing PersistenceUnitInfo [name: default]
2021-07-18 17:32:06.586  INFO 11080 --- [main] org.hibernate.Version                    : HHH000412: Hibernate ORM core version 5.4.32.Final
2021-07-18 17:32:06.691  INFO 11080 --- [main] o.hibernate.annotations.common.Version   : HCANN000001: Hibernate Commons Annotations {5.1.2.Final}
2021-07-18 17:32:06.757  INFO 11080 --- [main] org.hibernate.dialect.Dialect            : HHH000400: Using dialect: org.sqlite.hibernate.dialect.SQLiteDialect
2021-07-18 17:32:06.794  INFO 11080 --- [main] com.zaxxer.hikari.HikariDataSource       : HikariPool-1 - Starting...
2021-07-18 17:32:06.907  INFO 11080 --- [main] com.zaxxer.hikari.HikariDataSource       : HikariPool-1 - Start completed.
2021-07-18 17:32:06.919  INFO 11080 --- [main] org.hibernate.dialect.Dialect            : HHH000400: Using dialect: org.sqlite.hibernate.dialect.SQLiteDialect
2021-07-18 17:32:07.352  INFO 11080 --- [main] o.h.e.t.j.p.i.JtaPlatformInitiator       : HHH000490: Using JtaPlatform implementation: [org.hibernate.engine.transaction.jta.platform.internal.NoJtaPlatform]
2021-07-18 17:32:07.359  INFO 11080 --- [main] j.LocalContainerEntityManagerFactoryBean : Initialized JPA EntityManagerFactory for persistence unit 'default'
2021-07-18 17:32:07.759  WARN 11080 --- [main] JpaBaseConfiguration$JpaWebConfiguration : spring.jpa.open-in-view is enabled by default. Therefore, database queries may be performed during view rendering. Explicitly configure spring.jpa.open-in-view to disable this warning
2021-07-18 17:32:08.157  INFO 11080 --- [main] o.s.s.web.DefaultSecurityFilterChain     : Will secure Ant [pattern='/yhtfytfy/**'] with [org.springframework.security.web.context.request.async.WebAsyncManagerIntegrationFilter@62a41279, org.springframework.security.web.context.SecurityContextPersistenceFilter@47f0e078, org.springframework.security.web.header.HeaderWriterFilter@67396475, org.springframework.security.web.csrf.CsrfFilter@5bc14211, org.springframework.security.web.authentication.logout.LogoutFilter@1ab28416, org.springframework.security.web.authentication.www.BasicAuthenticationFilter@2b3abeeb, org.springframework.security.web.savedrequest.RequestCacheAwareFilter@5c703860, org.springframework.security.web.servletapi.SecurityContextHolderAwareRequestFilter@4738131e, org.springframework.security.web.authentication.AnonymousAuthenticationFilter@146fa9c0, org.springframework.security.web.session.SessionManagementFilter@3c1908c8, org.springframework.security.web.access.ExceptionTranslationFilter@25bc65ab, org.springframework.security.web.access.intercept.FilterSecurityInterceptor@18b45500]
2021-07-18 17:32:08.165  INFO 11080 --- [main] o.s.s.web.DefaultSecurityFilterChain     : Will secure any request with [org.springframework.security.web.context.request.async.WebAsyncManagerIntegrationFilter@2d8c729f, org.springframework.security.web.context.SecurityContextPersistenceFilter@4a5d5b38, org.springframework.security.web.header.HeaderWriterFilter@61d6c8c4, org.springframework.security.web.csrf.CsrfFilter@4c5e4bfa, org.springframework.security.web.authentication.logout.LogoutFilter@6fdaef04, org.springframework.security.web.authentication.UsernamePasswordAuthenticationFilter@2e013ba1, org.springframework.security.web.savedrequest.RequestCacheAwareFilter@7a47f0be, org.springframework.security.web.servletapi.SecurityContextHolderAwareRequestFilter@2d8087da, org.springframework.security.web.authentication.AnonymousAuthenticationFilter@740ee00f, org.springframework.security.web.session.SessionManagementFilter@74e2cfc5, org.springframework.security.web.access.ExceptionTranslationFilter@552cb0d5, org.springframework.security.web.access.intercept.FilterSecurityInterceptor@7178d811]
2021-07-18 17:32:08.698  INFO 11080 --- [main] o.s.b.w.embedded.tomcat.TomcatWebServer  : Tomcat started on port(s): 8080 (http) with context path ''
2021-07-18 17:32:08.721  INFO 11080 --- [main] sp.FileDownloadApplication               : Started FileDownloadApplication in 5.062 seconds (JVM running for 7.185)
2021-07-18 17:32:27.322  INFO 11080 --- [http-nio-8080-exec-1] o.a.c.c.C.[Tomcat].[localhost].[/]       : Initializing Spring DispatcherServlet 'dispatcherServlet'
2021-07-18 17:32:27.322  INFO 11080 --- [http-nio-8080-exec-1] o.s.web.servlet.DispatcherServlet        : Initializing Servlet 'dispatcherServlet'
2021-07-18 17:32:27.323  INFO 11080 --- [http-nio-8080-exec-1] o.s.web.servlet.DispatcherServlet        : Completed initialization in 1 ms
2021-07-18 17:33:19.435  INFO 11080 --- [http-nio-8080-exec-7] sp.service.impl.FileServiceImpl          : Файл не существует на папке
2021-07-18 17:33:23.399  INFO 11080 --- [http-nio-8080-exec-7] s.s.impl.FileFolderStorageServiceImpl    : Файл Code_-_Orchestration_for_Reactive_Spring_with_Josh_Long (1).mp4 загружен папку, расположение файла: C:\Example
2021-07-18 17:35:08.839  INFO 11080 --- [scheduling-1] sp.service.impl.ScheduledTasks           : Username ad с файл path-ом C:\Example\Code_-_Orchestration_for_Reactive_Spring_with_Josh_Long (1).mp4 был удален
2021-07-18 17:35:47.025  INFO 11080 --- [http-nio-8080-exec-2] sp.service.impl.FileServiceImpl          : Файл не существует на папке
2021-07-18 17:35:50.449  INFO 11080 --- [http-nio-8080-exec-2] s.s.impl.FileFolderStorageServiceImpl    : Файл Code_-_Orchestration_for_Reactive_Spring_with_Josh_Long (1) (1).mp4 загружен папку, расположение файла: C:\Example
2021-07-18 17:36:08.725  INFO 11080 --- [scheduling-1] sp.service.impl.ScheduledTasks           : Username rrr с файл path-ом C:\Example\Code_-_Orchestration_for_Reactive_Spring_with_Josh_Long (1) (1).mp4 был удален
2021-07-18 17:36:15.785  INFO 11080 --- [http-nio-8080-exec-6] sp.service.impl.FileServiceImpl          : Файл не существует на папке
2021-07-18 17:36:20.909  INFO 11080 --- [http-nio-8080-exec-6] s.s.impl.FileFolderStorageServiceImpl    : Файл Code_-_Orchestration_for_Reactive_Spring_with_Josh_Long (1) (1).mp4 загружен папку, расположение файла: C:\Example
2021-07-18 17:44:38.442  INFO 13360 --- [main] sp.FileDownloadApplication               : Starting FileDownloadApplication using Java 16 on DESKTOP-8P6SI14 with PID 13360 (C:\Users\adilb\IdeaProjects\FileDownload\target\classes started by adilb in C:\Users\adilb\IdeaProjects\FileDownload)
2021-07-18 17:44:38.445  INFO 13360 --- [main] sp.FileDownloadApplication               : No active profile set, falling back to default profiles: default
2021-07-18 17:44:39.491  INFO 13360 --- [main] .s.d.r.c.RepositoryConfigurationDelegate : Bootstrapping Spring Data JPA repositories in DEFAULT mode.
2021-07-18 17:44:39.558  INFO 13360 --- [main] .s.d.r.c.RepositoryConfigurationDelegate : Finished Spring Data repository scanning in 59 ms. Found 1 JPA repository interfaces.
2021-07-18 17:44:39.844  INFO 13360 --- [main] trationDelegate$BeanPostProcessorChecker : Bean 'org.springframework.security.access.expression.method.DefaultMethodSecurityExpressionHandler@10bea4' of type [org.springframework.security.access.expression.method.DefaultMethodSecurityExpressionHandler] is not eligible for getting processed by all BeanPostProcessors (for example: not eligible for auto-proxying)
2021-07-18 17:44:39.849  INFO 13360 --- [main] trationDelegate$BeanPostProcessorChecker : Bean 'methodSecurityMetadataSource' of type [org.springframework.security.access.method.DelegatingMethodSecurityMetadataSource] is not eligible for getting processed by all BeanPostProcessors (for example: not eligible for auto-proxying)
2021-07-18 17:44:40.114  INFO 13360 --- [main] o.s.b.w.embedded.tomcat.TomcatWebServer  : Tomcat initialized with port(s): 8080 (http)
2021-07-18 17:44:40.125  INFO 13360 --- [main] o.apache.catalina.core.StandardService   : Starting service [Tomcat]
2021-07-18 17:44:40.126  INFO 13360 --- [main] org.apache.catalina.core.StandardEngine  : Starting Servlet engine: [Apache Tomcat/9.0.48]
2021-07-18 17:44:40.251  INFO 13360 --- [main] o.a.c.c.C.[Tomcat].[localhost].[/]       : Initializing Spring embedded WebApplicationContext
2021-07-18 17:44:40.252  INFO 13360 --- [main] w.s.c.ServletWebServerApplicationContext : Root WebApplicationContext: initialization completed in 1689 ms
2021-07-18 17:44:40.442  INFO 13360 --- [main] o.hibernate.jpa.internal.util.LogHelper  : HHH000204: Processing PersistenceUnitInfo [name: default]
2021-07-18 17:44:40.512  INFO 13360 --- [main] org.hibernate.Version                    : HHH000412: Hibernate ORM core version 5.4.32.Final
2021-07-18 17:44:40.671  INFO 13360 --- [main] o.hibernate.annotations.common.Version   : HCANN000001: Hibernate Commons Annotations {5.1.2.Final}
2021-07-18 17:44:40.743  INFO 13360 --- [main] org.hibernate.dialect.Dialect            : HHH000400: Using dialect: org.sqlite.hibernate.dialect.SQLiteDialect
2021-07-18 17:44:40.782  INFO 13360 --- [main] com.zaxxer.hikari.HikariDataSource       : HikariPool-1 - Starting...
2021-07-18 17:44:40.896  INFO 13360 --- [main] com.zaxxer.hikari.HikariDataSource       : HikariPool-1 - Start completed.
2021-07-18 17:44:40.905  INFO 13360 --- [main] org.hibernate.dialect.Dialect            : HHH000400: Using dialect: org.sqlite.hibernate.dialect.SQLiteDialect
2021-07-18 17:44:41.420  INFO 13360 --- [main] o.h.e.t.j.p.i.JtaPlatformInitiator       : HHH000490: Using JtaPlatform implementation: [org.hibernate.engine.transaction.jta.platform.internal.NoJtaPlatform]
2021-07-18 17:44:41.428  INFO 13360 --- [main] j.LocalContainerEntityManagerFactoryBean : Initialized JPA EntityManagerFactory for persistence unit 'default'
2021-07-18 17:44:41.863  WARN 13360 --- [main] JpaBaseConfiguration$JpaWebConfiguration : spring.jpa.open-in-view is enabled by default. Therefore, database queries may be performed during view rendering. Explicitly configure spring.jpa.open-in-view to disable this warning
2021-07-18 17:44:42.299  INFO 13360 --- [main] o.s.s.web.DefaultSecurityFilterChain     : Will secure Ant [pattern='/yhtfytfy/**'] with [org.springframework.security.web.context.request.async.WebAsyncManagerIntegrationFilter@2e013ba1, org.springframework.security.web.context.SecurityContextPersistenceFilter@2db3675a, org.springframework.security.web.header.HeaderWriterFilter@1a77eb6, org.springframework.security.web.csrf.CsrfFilter@6315bb4, org.springframework.security.web.authentication.logout.LogoutFilter@2bf0c70d, org.springframework.security.web.authentication.www.BasicAuthenticationFilter@18f8ebd4, org.springframework.security.web.savedrequest.RequestCacheAwareFilter@1ab28416, org.springframework.security.web.servletapi.SecurityContextHolderAwareRequestFilter@1fcc3461, org.springframework.security.web.authentication.AnonymousAuthenticationFilter@2d8c729f, org.springframework.security.web.session.SessionManagementFilter@5f9ebd5a, org.springframework.security.web.access.ExceptionTranslationFilter@795eddda, org.springframework.security.web.access.intercept.FilterSecurityInterceptor@7a47f0be]
2021-07-18 17:44:42.307  INFO 13360 --- [main] o.s.s.web.DefaultSecurityFilterChain     : Will secure any request with [org.springframework.security.web.context.request.async.WebAsyncManagerIntegrationFilter@309e3f34, org.springframework.security.web.context.SecurityContextPersistenceFilter@3134b261, org.springframework.security.web.header.HeaderWriterFilter@1805ca5c, org.springframework.security.web.csrf.CsrfFilter@625db0e0, org.springframework.security.web.authentication.logout.LogoutFilter@185a7dd0, org.springframework.security.web.authentication.UsernamePasswordAuthenticationFilter@2524d07a, org.springframework.security.web.savedrequest.RequestCacheAwareFilter@aa633e6, org.springframework.security.web.servletapi.SecurityContextHolderAwareRequestFilter@3cc74fc4, org.springframework.security.web.authentication.AnonymousAuthenticationFilter@554d040d, org.springframework.security.web.session.SessionManagementFilter@3e61cffd, org.springframework.security.web.access.ExceptionTranslationFilter@511d568f, org.springframework.security.web.access.intercept.FilterSecurityInterceptor@30eb55c9]
2021-07-18 17:44:42.931  INFO 13360 --- [main] o.s.b.w.embedded.tomcat.TomcatWebServer  : Tomcat started on port(s): 8080 (http) with context path ''
2021-07-18 17:44:42.950  INFO 13360 --- [main] sp.FileDownloadApplication               : Started FileDownloadApplication in 5.167 seconds (JVM running for 6.962)
2021-07-18 17:47:23.479  INFO 884 --- [main] sp.FileDownloadApplication               : Starting FileDownloadApplication using Java 16 on DESKTOP-8P6SI14 with PID 884 (C:\Users\adilb\IdeaProjects\FileDownload\target\classes started by adilb in C:\Users\adilb\IdeaProjects\FileDownload)
2021-07-18 17:47:23.483  INFO 884 --- [main] sp.FileDownloadApplication               : No active profile set, falling back to default profiles: default
2021-07-18 17:47:24.387  INFO 884 --- [main] .s.d.r.c.RepositoryConfigurationDelegate : Bootstrapping Spring Data JPA repositories in DEFAULT mode.
2021-07-18 17:47:24.456  INFO 884 --- [main] .s.d.r.c.RepositoryConfigurationDelegate : Finished Spring Data repository scanning in 59 ms. Found 1 JPA repository interfaces.
2021-07-18 17:47:24.760  INFO 884 --- [main] trationDelegate$BeanPostProcessorChecker : Bean 'org.springframework.security.access.expression.method.DefaultMethodSecurityExpressionHandler@7fd8c559' of type [org.springframework.security.access.expression.method.DefaultMethodSecurityExpressionHandler] is not eligible for getting processed by all BeanPostProcessors (for example: not eligible for auto-proxying)
2021-07-18 17:47:24.764  INFO 884 --- [main] trationDelegate$BeanPostProcessorChecker : Bean 'methodSecurityMetadataSource' of type [org.springframework.security.access.method.DelegatingMethodSecurityMetadataSource] is not eligible for getting processed by all BeanPostProcessors (for example: not eligible for auto-proxying)
2021-07-18 17:47:24.993  INFO 884 --- [main] o.s.b.w.embedded.tomcat.TomcatWebServer  : Tomcat initialized with port(s): 8080 (http)
2021-07-18 17:47:25.001  INFO 884 --- [main] o.apache.catalina.core.StandardService   : Starting service [Tomcat]
2021-07-18 17:47:25.002  INFO 884 --- [main] org.apache.catalina.core.StandardEngine  : Starting Servlet engine: [Apache Tomcat/9.0.48]
2021-07-18 17:47:25.118  INFO 884 --- [main] o.a.c.c.C.[Tomcat].[localhost].[/]       : Initializing Spring embedded WebApplicationContext
2021-07-18 17:47:25.118  INFO 884 --- [main] w.s.c.ServletWebServerApplicationContext : Root WebApplicationContext: initialization completed in 1566 ms
2021-07-18 17:47:25.295  INFO 884 --- [main] o.hibernate.jpa.internal.util.LogHelper  : HHH000204: Processing PersistenceUnitInfo [name: default]
2021-07-18 17:47:25.336  INFO 884 --- [main] org.hibernate.Version                    : HHH000412: Hibernate ORM core version 5.4.32.Final
2021-07-18 17:47:25.426  INFO 884 --- [main] o.hibernate.annotations.common.Version   : HCANN000001: Hibernate Commons Annotations {5.1.2.Final}
2021-07-18 17:47:25.483  INFO 884 --- [main] org.hibernate.dialect.Dialect            : HHH000400: Using dialect: org.sqlite.hibernate.dialect.SQLiteDialect
2021-07-18 17:47:25.513  INFO 884 --- [main] com.zaxxer.hikari.HikariDataSource       : HikariPool-1 - Starting...
2021-07-18 17:47:25.625  INFO 884 --- [main] com.zaxxer.hikari.HikariDataSource       : HikariPool-1 - Start completed.
2021-07-18 17:47:25.633  INFO 884 --- [main] org.hibernate.dialect.Dialect            : HHH000400: Using dialect: org.sqlite.hibernate.dialect.SQLiteDialect
2021-07-18 17:47:26.060  INFO 884 --- [main] o.h.e.t.j.p.i.JtaPlatformInitiator       : HHH000490: Using JtaPlatform implementation: [org.hibernate.engine.transaction.jta.platform.internal.NoJtaPlatform]
2021-07-18 17:47:26.067  INFO 884 --- [main] j.LocalContainerEntityManagerFactoryBean : Initialized JPA EntityManagerFactory for persistence unit 'default'
2021-07-18 17:47:26.429  WARN 884 --- [main] JpaBaseConfiguration$JpaWebConfiguration : spring.jpa.open-in-view is enabled by default. Therefore, database queries may be performed during view rendering. Explicitly configure spring.jpa.open-in-view to disable this warning
2021-07-18 17:47:26.819  INFO 884 --- [main] o.s.s.web.DefaultSecurityFilterChain     : Will secure Ant [pattern='/yhtfytfy/**'] with [org.springframework.security.web.context.request.async.WebAsyncManagerIntegrationFilter@2e66f1bd, org.springframework.security.web.context.SecurityContextPersistenceFilter@4682882a, org.springframework.security.web.header.HeaderWriterFilter@47f0e078, org.springframework.security.web.csrf.CsrfFilter@74450c9b, org.springframework.security.web.authentication.logout.LogoutFilter@3e2d65e1, org.springframework.security.web.authentication.www.BasicAuthenticationFilter@62a41279, org.springframework.security.web.savedrequest.RequestCacheAwareFilter@6a116354, org.springframework.security.web.servletapi.SecurityContextHolderAwareRequestFilter@65b5b5ed, org.springframework.security.web.authentication.AnonymousAuthenticationFilter@47ae6c18, org.springframework.security.web.session.SessionManagementFilter@5c703860, org.springframework.security.web.access.ExceptionTranslationFilter@67396475, org.springframework.security.web.access.intercept.FilterSecurityInterceptor@7bef7505]
2021-07-18 17:47:26.827  INFO 884 --- [main] o.s.s.web.DefaultSecurityFilterChain     : Will secure any request with [org.springframework.security.web.context.request.async.WebAsyncManagerIntegrationFilter@2aac6fa7, org.springframework.security.web.context.SecurityContextPersistenceFilter@6fdaef04, org.springframework.security.web.header.HeaderWriterFilter@2d8087da, org.springframework.security.web.csrf.CsrfFilter@4a5d5b38, org.springframework.security.web.authentication.logout.LogoutFilter@3dcbbbc, org.springframework.security.web.authentication.UsernamePasswordAuthenticationFilter@647af13d, org.springframework.security.web.savedrequest.RequestCacheAwareFilter@2a5d2041, org.springframework.security.web.servletapi.SecurityContextHolderAwareRequestFilter@3cacc87, org.springframework.security.web.authentication.AnonymousAuthenticationFilter@29a1ec65, org.springframework.security.web.session.SessionManagementFilter@4f7ef948, org.springframework.security.web.access.ExceptionTranslationFilter@7a47f0be, org.springframework.security.web.access.intercept.FilterSecurityInterceptor@430106cf]
2021-07-18 17:47:27.263  INFO 884 --- [main] o.s.b.w.embedded.tomcat.TomcatWebServer  : Tomcat started on port(s): 8080 (http) with context path ''
2021-07-18 17:47:27.277  INFO 884 --- [main] sp.FileDownloadApplication               : Started FileDownloadApplication in 4.401 seconds (JVM running for 5.737)
2021-07-18 17:47:31.755  INFO 884 --- [http-nio-8080-exec-1] o.a.c.c.C.[Tomcat].[localhost].[/]       : Initializing Spring DispatcherServlet 'dispatcherServlet'
2021-07-18 17:47:31.756  INFO 884 --- [http-nio-8080-exec-1] o.s.web.servlet.DispatcherServlet        : Initializing Servlet 'dispatcherServlet'
2021-07-18 17:47:31.758  INFO 884 --- [http-nio-8080-exec-1] o.s.web.servlet.DispatcherServlet        : Completed initialization in 2 ms
2021-07-18 17:48:26.375  INFO 884 --- [http-nio-8080-exec-5] sp.service.impl.FileServiceImpl          : 2IQ9c1hp сохранил файл с path-ом C:\Example\Code_-_Orchestration_for_Reactive_Spring_with_Josh_Long (1) (1).mp4
2021-07-18 17:50:52.359  INFO 884 --- [http-nio-8080-exec-9] sp.controller.FileController             : 2IQ9c1hp скачал файл с path-ом C:\Example\Code_-_Orchestration_for_Reactive_Spring_with_Josh_Long (1) (1).mp4
2021-07-18 17:51:35.936  INFO 884 --- [http-nio-8080-exec-1] sp.service.impl.FileServiceImpl          : Файл не существует на папке
2021-07-18 17:51:35.956  INFO 884 --- [http-nio-8080-exec-1] s.s.impl.FileFolderStorageServiceImpl    : Файл Договор двусторонний (1).docx загружен папку, расположение файла: C:\Example
2021-07-18 17:51:35.997  INFO 884 --- [http-nio-8080-exec-1] sp.service.impl.FileServiceImpl          : h1oVTYLS сохранил файл с path-ом C:\Example\Договор двусторонний (1).docx
2021-07-18 20:22:10.049  INFO 5940 --- [main] sp.FileDownloadApplication               : Starting FileDownloadApplication using Java 16 on DESKTOP-8P6SI14 with PID 5940 (C:\Users\adilb\IdeaProjects\FileDownload\target\classes started by adilb in C:\Users\adilb\IdeaProjects\FileDownload)
2021-07-18 20:22:10.053  INFO 5940 --- [main] sp.FileDownloadApplication               : No active profile set, falling back to default profiles: default
2021-07-18 20:22:11.571  INFO 5940 --- [main] .s.d.r.c.RepositoryConfigurationDelegate : Bootstrapping Spring Data JPA repositories in DEFAULT mode.
2021-07-18 20:22:11.653  INFO 5940 --- [main] .s.d.r.c.RepositoryConfigurationDelegate : Finished Spring Data repository scanning in 71 ms. Found 1 JPA repository interfaces.
2021-07-18 20:22:12.042  INFO 5940 --- [main] trationDelegate$BeanPostProcessorChecker : Bean 'org.springframework.security.access.expression.method.DefaultMethodSecurityExpressionHandler@396ef8b2' of type [org.springframework.security.access.expression.method.DefaultMethodSecurityExpressionHandler] is not eligible for getting processed by all BeanPostProcessors (for example: not eligible for auto-proxying)
2021-07-18 20:22:12.050  INFO 5940 --- [main] trationDelegate$BeanPostProcessorChecker : Bean 'methodSecurityMetadataSource' of type [org.springframework.security.access.method.DelegatingMethodSecurityMetadataSource] is not eligible for getting processed by all BeanPostProcessors (for example: not eligible for auto-proxying)
2021-07-18 20:22:12.364  INFO 5940 --- [main] o.s.b.w.embedded.tomcat.TomcatWebServer  : Tomcat initialized with port(s): 8080 (http)
2021-07-18 20:22:12.376  INFO 5940 --- [main] o.apache.catalina.core.StandardService   : Starting service [Tomcat]
2021-07-18 20:22:12.377  INFO 5940 --- [main] org.apache.catalina.core.StandardEngine  : Starting Servlet engine: [Apache Tomcat/9.0.48]
2021-07-18 20:22:12.524  INFO 5940 --- [main] o.a.c.c.C.[Tomcat].[localhost].[/]       : Initializing Spring embedded WebApplicationContext
2021-07-18 20:22:12.524  INFO 5940 --- [main] w.s.c.ServletWebServerApplicationContext : Root WebApplicationContext: initialization completed in 2367 ms
2021-07-18 20:22:12.780  INFO 5940 --- [main] o.hibernate.jpa.internal.util.LogHelper  : HHH000204: Processing PersistenceUnitInfo [name: default]
2021-07-18 20:22:12.848  INFO 5940 --- [main] org.hibernate.Version                    : HHH000412: Hibernate ORM core version 5.4.32.Final
2021-07-18 20:22:13.015  INFO 5940 --- [main] o.hibernate.annotations.common.Version   : HCANN000001: Hibernate Commons Annotations {5.1.2.Final}
2021-07-18 20:22:13.102  INFO 5940 --- [main] org.hibernate.dialect.Dialect            : HHH000400: Using dialect: org.sqlite.hibernate.dialect.SQLiteDialect
2021-07-18 20:22:13.142  INFO 5940 --- [main] com.zaxxer.hikari.HikariDataSource       : HikariPool-1 - Starting...
2021-07-18 20:22:13.309  INFO 5940 --- [main] com.zaxxer.hikari.HikariDataSource       : HikariPool-1 - Start completed.
2021-07-18 20:22:13.318  INFO 5940 --- [main] org.hibernate.dialect.Dialect            : HHH000400: Using dialect: org.sqlite.hibernate.dialect.SQLiteDialect
2021-07-18 20:22:13.870  INFO 5940 --- [main] o.h.e.t.j.p.i.JtaPlatformInitiator       : HHH000490: Using JtaPlatform implementation: [org.hibernate.engine.transaction.jta.platform.internal.NoJtaPlatform]
2021-07-18 20:22:13.879  INFO 5940 --- [main] j.LocalContainerEntityManagerFactoryBean : Initialized JPA EntityManagerFactory for persistence unit 'default'
2021-07-18 20:22:14.331  WARN 5940 --- [main] JpaBaseConfiguration$JpaWebConfiguration : spring.jpa.open-in-view is enabled by default. Therefore, database queries may be performed during view rendering. Explicitly configure spring.jpa.open-in-view to disable this warning
2021-07-18 20:22:14.775  INFO 5940 --- [main] o.s.s.web.DefaultSecurityFilterChain     : Will secure Ant [pattern='/yhtfytfy/**'] with [org.springframework.security.web.context.request.async.WebAsyncManagerIntegrationFilter@37d81587, org.springframework.security.web.context.SecurityContextPersistenceFilter@2d8c729f, org.springframework.security.web.header.HeaderWriterFilter@7e1fb22c, org.springframework.security.web.csrf.CsrfFilter@2e66f1bd, org.springframework.security.web.authentication.logout.LogoutFilter@3fe24670, org.springframework.security.web.authentication.www.BasicAuthenticationFilter@e7b3e54, org.springframework.security.web.savedrequest.RequestCacheAwareFilter@430106cf, org.springframework.security.web.servletapi.SecurityContextHolderAwareRequestFilter@3cc74fc4, org.springframework.security.web.authentication.AnonymousAuthenticationFilter@7f3e9acc, org.springframework.security.web.session.SessionManagementFilter@7178d811, org.springframework.security.web.access.ExceptionTranslationFilter@3dcbbbc, org.springframework.security.web.access.intercept.FilterSecurityInterceptor@248d2cec]
2021-07-18 20:22:14.786  INFO 5940 --- [main] o.s.s.web.DefaultSecurityFilterChain     : Will secure any request with [org.springframework.security.web.context.request.async.WebAsyncManagerIntegrationFilter@5059d398, org.springframework.security.web.context.SecurityContextPersistenceFilter@c89e263, org.springframework.security.web.header.HeaderWriterFilter@c1386b4, org.springframework.security.web.csrf.CsrfFilter@1f12d5e0, org.springframework.security.web.authentication.logout.LogoutFilter@77b22b05, org.springframework.security.web.authentication.UsernamePasswordAuthenticationFilter@1e32037d, org.springframework.security.web.savedrequest.RequestCacheAwareFilter@4d5ea776, org.springframework.security.web.servletapi.SecurityContextHolderAwareRequestFilter@5d68be4f, org.springframework.security.web.authentication.AnonymousAuthenticationFilter@5b1420f9, org.springframework.security.web.session.SessionManagementFilter@53d9af1, org.springframework.security.web.access.ExceptionTranslationFilter@6604f246, org.springframework.security.web.access.intercept.FilterSecurityInterceptor@45abbd24]
2021-07-18 20:22:15.328  INFO 5940 --- [main] o.s.b.w.embedded.tomcat.TomcatWebServer  : Tomcat started on port(s): 8080 (http) with context path ''
2021-07-18 20:22:15.346  INFO 5940 --- [main] sp.FileDownloadApplication               : Started FileDownloadApplication in 6.215 seconds (JVM running for 8.391)
2021-07-18 20:22:26.837  INFO 5940 --- [http-nio-8080-exec-1] o.a.c.c.C.[Tomcat].[localhost].[/]       : Initializing Spring DispatcherServlet 'dispatcherServlet'
2021-07-18 20:22:26.837  INFO 5940 --- [http-nio-8080-exec-1] o.s.web.servlet.DispatcherServlet        : Initializing Servlet 'dispatcherServlet'
2021-07-18 20:22:26.837  INFO 5940 --- [http-nio-8080-exec-1] o.s.web.servlet.DispatcherServlet        : Completed initialization in 0 ms
2021-07-18 20:22:52.131  INFO 5940 --- [http-nio-8080-exec-9] sp.service.impl.FileServiceImpl          : LvkZK6t9 дан доступ к файлу с path-ом C:\Example\Code_-_Orchestration_for_Reactive_Spring_with_Josh_Long (1) (1).mp4
